[2020-09-30 14:22:11 -0400] [12663] [CRITICAL] WORKER TIMEOUT (pid:12674)
[2020-09-30 14:36:49 -0400] [12663] [CRITICAL] WORKER TIMEOUT (pid:13475)
[2020-09-30 15:15:34 -0400] [12663] [CRITICAL] WORKER TIMEOUT (pid:13491)
[2020-09-30 15:46:25 -0400] [12663] [CRITICAL] WORKER TIMEOUT (pid:13520)
[2020-09-30 15:51:36 -0400] [12663] [CRITICAL] WORKER TIMEOUT (pid:13546)
[2020-09-30 23:29:29 -0400] [14839] [CRITICAL] WORKER TIMEOUT (pid:14842)
[2020-09-30 23:56:45 -0400] [14839] [CRITICAL] WORKER TIMEOUT (pid:16070)
[2020-10-01 00:01:53 -0400] [14839] [CRITICAL] WORKER TIMEOUT (pid:16434)
[2020-10-01 00:26:17 -0400] [14839] [CRITICAL] WORKER TIMEOUT (pid:16452)
[2020-10-01 01:48:52 -0400] [14839] [CRITICAL] WORKER TIMEOUT (pid:16471)
[2020-10-01 03:41:00 -0400] [14839] [CRITICAL] WORKER TIMEOUT (pid:16512)
[2020-10-01 05:41:52 -0400] [14839] [CRITICAL] WORKER TIMEOUT (pid:16544)
[2020-10-01 07:42:44 -0400] [14839] [CRITICAL] WORKER TIMEOUT (pid:16585)
[2020-10-01 07:53:58 -0400] [14839] [CRITICAL] WORKER TIMEOUT (pid:16603)
[2020-10-01 22:26:30 -0400] [14839] [CRITICAL] WORKER TIMEOUT (pid:16612)
[2020-10-01 22:51:02 -0400] [14839] [CRITICAL] WORKER TIMEOUT (pid:21529)
[2020-10-01 23:51:53 -0400] [14839] [CRITICAL] WORKER TIMEOUT (pid:21544)
[2020-10-02 00:52:44 -0400] [14839] [CRITICAL] WORKER TIMEOUT (pid:21590)
[2020-10-02 01:49:07 -0400] [14839] [CRITICAL] WORKER TIMEOUT (pid:21617)
[2020-10-02 03:50:00 -0400] [14839] [CRITICAL] WORKER TIMEOUT (pid:21629)
[2020-10-02 04:53:14 -0400] [14839] [CRITICAL] WORKER TIMEOUT (pid:21651)
[2020-10-02 04:53:17 -0400] [21670] [ERROR] Exception in worker process
Traceback (most recent call last):
  File "/Users/huangjiawen/four-in-a-row/venv/lib/python2.7/site-packages/gunicorn/arbiter.py", line 583, in spawn_worker
    worker.init_process()
  File "/Users/huangjiawen/four-in-a-row/venv/lib/python2.7/site-packages/gunicorn/workers/base.py", line 129, in init_process
    self.load_wsgi()
  File "/Users/huangjiawen/four-in-a-row/venv/lib/python2.7/site-packages/gunicorn/workers/base.py", line 138, in load_wsgi
    self.wsgi = self.app.wsgi()
  File "/Users/huangjiawen/four-in-a-row/venv/lib/python2.7/site-packages/gunicorn/app/base.py", line 67, in wsgi
    self.callable = self.load()
  File "/Users/huangjiawen/four-in-a-row/venv/lib/python2.7/site-packages/psiturk/experiment_server.py", line 48, in load
    return util.import_app("psiturk.experiment:app")
  File "/Users/huangjiawen/four-in-a-row/venv/lib/python2.7/site-packages/gunicorn/util.py", line 350, in import_app
    __import__(module)
  File "/Users/huangjiawen/four-in-a-row/venv/lib/python2.7/site-packages/psiturk/experiment.py", line 89, in <module>
    init_db()
  File "/Users/huangjiawen/four-in-a-row/venv/lib/python2.7/site-packages/psiturk/db.py", line 37, in init_db
    Base.metadata.create_all(bind=engine)
  File "/Users/huangjiawen/four-in-a-row/venv/lib/python2.7/site-packages/sqlalchemy/sql/schema.py", line 4556, in create_all
    ddl.SchemaGenerator, self, checkfirst=checkfirst, tables=tables
  File "/Users/huangjiawen/four-in-a-row/venv/lib/python2.7/site-packages/sqlalchemy/engine/base.py", line 2096, in _run_visitor
    with self._optional_conn_ctx_manager(connection) as conn:
  File "/Library/Frameworks/Python.framework/Versions/2.7/lib/python2.7/contextlib.py", line 17, in __enter__
    return self.gen.next()
  File "/Users/huangjiawen/four-in-a-row/venv/lib/python2.7/site-packages/sqlalchemy/engine/base.py", line 2088, in _optional_conn_ctx_manager
    with self._contextual_connect() as conn:
  File "/Users/huangjiawen/four-in-a-row/venv/lib/python2.7/site-packages/sqlalchemy/engine/base.py", line 2304, in _contextual_connect
    self._wrap_pool_connect(self.pool.connect, None),
  File "/Users/huangjiawen/four-in-a-row/venv/lib/python2.7/site-packages/sqlalchemy/engine/base.py", line 2342, in _wrap_pool_connect
    e, dialect, self
  File "/Users/huangjiawen/four-in-a-row/venv/lib/python2.7/site-packages/sqlalchemy/engine/base.py", line 1584, in _handle_dbapi_exception_noconnection
    sqlalchemy_exception, with_traceback=exc_info[2], from_=e
  File "/Users/huangjiawen/four-in-a-row/venv/lib/python2.7/site-packages/sqlalchemy/engine/base.py", line 2338, in _wrap_pool_connect
    return fn()
  File "/Users/huangjiawen/four-in-a-row/venv/lib/python2.7/site-packages/sqlalchemy/pool/base.py", line 364, in connect
    return _ConnectionFairy._checkout(self)
  File "/Users/huangjiawen/four-in-a-row/venv/lib/python2.7/site-packages/sqlalchemy/pool/base.py", line 778, in _checkout
    fairy = _ConnectionRecord.checkout(pool)
  File "/Users/huangjiawen/four-in-a-row/venv/lib/python2.7/site-packages/sqlalchemy/pool/base.py", line 495, in checkout
    rec = pool._do_get()
  File "/Users/huangjiawen/four-in-a-row/venv/lib/python2.7/site-packages/sqlalchemy/pool/impl.py", line 140, in _do_get
    self._dec_overflow()
  File "/Users/huangjiawen/four-in-a-row/venv/lib/python2.7/site-packages/sqlalchemy/util/langhelpers.py", line 69, in __exit__
    exc_value, with_traceback=exc_tb,
  File "/Users/huangjiawen/four-in-a-row/venv/lib/python2.7/site-packages/sqlalchemy/pool/impl.py", line 137, in _do_get
    return self._create_connection()
  File "/Users/huangjiawen/four-in-a-row/venv/lib/python2.7/site-packages/sqlalchemy/pool/base.py", line 309, in _create_connection
    return _ConnectionRecord(self)
  File "/Users/huangjiawen/four-in-a-row/venv/lib/python2.7/site-packages/sqlalchemy/pool/base.py", line 440, in __init__
    self.__connect(first_connect_check=True)
  File "/Users/huangjiawen/four-in-a-row/venv/lib/python2.7/site-packages/sqlalchemy/pool/base.py", line 661, in __connect
    pool.logger.debug("Error on connect(): %s", e)
  File "/Users/huangjiawen/four-in-a-row/venv/lib/python2.7/site-packages/sqlalchemy/util/langhelpers.py", line 69, in __exit__
    exc_value, with_traceback=exc_tb,
  File "/Users/huangjiawen/four-in-a-row/venv/lib/python2.7/site-packages/sqlalchemy/pool/base.py", line 656, in __connect
    connection = pool._invoke_creator(self)
  File "/Users/huangjiawen/four-in-a-row/venv/lib/python2.7/site-packages/sqlalchemy/engine/strategies.py", line 114, in connect
    return dialect.connect(*cargs, **cparams)
  File "/Users/huangjiawen/four-in-a-row/venv/lib/python2.7/site-packages/sqlalchemy/engine/default.py", line 493, in connect
    return self.dbapi.connect(*cargs, **cparams)
  File "/Users/huangjiawen/four-in-a-row/venv/lib/python2.7/site-packages/psycopg2/__init__.py", line 127, in connect
    conn = _connect(dsn, connection_factory=connection_factory, **kwasync)
OperationalError: (psycopg2.OperationalError) could not translate host name "ec2-50-16-221-180.compute-1.amazonaws.com" to address: nodename nor servname provided, or not known

(Background on this error at: http://sqlalche.me/e/13/e3q8)
[2020-11-02 23:23:52 -0500] [10191] [CRITICAL] WORKER TIMEOUT (pid:10196)
[2020-11-02 23:53:19 -0500] [10191] [CRITICAL] WORKER TIMEOUT (pid:10901)
[2020-11-03 01:54:12 -0500] [10191] [CRITICAL] WORKER TIMEOUT (pid:10943)
[2020-11-03 03:37:34 -0500] [10191] [CRITICAL] WORKER TIMEOUT (pid:10996)
[2020-11-03 05:38:27 -0500] [10191] [CRITICAL] WORKER TIMEOUT (pid:11022)
[2020-11-03 07:39:19 -0500] [10191] [CRITICAL] WORKER TIMEOUT (pid:11087)
[2020-11-03 09:40:11 -0500] [10191] [CRITICAL] WORKER TIMEOUT (pid:11125)
2020-11-10 00:06:34,872 already_started_exp (1008) {'assignmentId': [u'noas'], 'workerId': [u'debug'], 'hitId': [u'nohit'], 'mode': [u'debug']}
2020-11-10 00:06:38,932 already_started_exp (1008) {'assignmentId': [u'noas'], 'workerId': [u'debug'], 'hitId': [u'nohit'], 'mode': [u'debug']}
2020-11-10 00:06:49,618 already_started_exp (1008) {'assignmentId': [u'noas'], 'workerId': [u'debug2'], 'hitId': [u'nohit'], 'mode': [u'debug']}
2020-11-10 00:07:27,766 already_started_exp (1008) {'assignmentId': [u'noas'], 'workerId': [u'debug'], 'hitId': [u'nohit'], 'mode': [u'debug']}
2020-11-10 00:07:29,689 already_started_exp (1008) {'assignmentId': [u'noas'], 'workerId': [u'debug'], 'hitId': [u'nohit'], 'mode': [u'debug']}
2020-11-10 00:09:41,411 already_started_exp (1008) {'assignmentId': [u'noas'], 'workerId': [u'debug'], 'hitId': [u'nohit'], 'mode': [u'debug']}
2020-11-10 00:10:36,583 already_started_exp (1008) {'assignmentId': [u'noas'], 'workerId': [u'debug'], 'hitId': [u'nohit'], 'mode': [u'debug']}
2020-11-10 00:12:35,344 already_started_exp (1008) {'assignmentId': [u'noas'], 'workerId': [u'debug'], 'hitId': [u'nohit'], 'mode': [u'debug']}
2020-11-10 00:13:06,261 already_started_exp (1008) {'assignmentId': [u'noas'], 'workerId': [u'debug'], 'hitId': [u'nohit'], 'mode': [u'debug']}
2020-11-10 00:15:14,597 already_started_exp (1008) {'assignmentId': [u'noas'], 'workerId': [u'debug'], 'hitId': [u'nohit'], 'mode': [u'debug']}
2020-11-10 00:16:20,576 already_started_exp (1008) {'assignmentId': [u'noas'], 'workerId': [u'debug'], 'hitId': [u'nohit'], 'mode': [u'debug']}
2020-11-10 00:18:04,729 already_started_exp (1008) {'assignmentId': [u'noas'], 'workerId': [u'debug'], 'hitId': [u'nohit'], 'mode': [u'debug']}
2020-11-10 00:20:51,537 already_started_exp (1008) {'assignmentId': [u'noas'], 'workerId': [u'debug'], 'hitId': [u'nohit'], 'mode': [u'debug']}
2020-11-10 00:20:54,079 already_started_exp (1008) {'assignmentId': [u'noas'], 'workerId': [u'debug2'], 'hitId': [u'nohit'], 'mode': [u'debug']}
2020-11-10 00:21:44,438 already_started_exp (1008) {'assignmentId': [u'noas'], 'workerId': [u'debug'], 'hitId': [u'nohit'], 'mode': [u'debug']}
2020-11-10 00:23:23,309 already_started_exp (1008) {'assignmentId': [u'noas'], 'workerId': [u'debug'], 'hitId': [u'nohit'], 'mode': [u'debug']}
2020-11-10 00:26:06,876 already_started_exp (1008) {'assignmentId': [u'noas'], 'workerId': [u'debug'], 'hitId': [u'nohit'], 'mode': [u'debug']}
2020-11-10 00:26:51,916 already_started_exp (1008) {'assignmentId': [u'noas'], 'workerId': [u'debug'], 'hitId': [u'nohit'], 'mode': [u'debug']}
2020-11-10 13:47:48,036 already_started_exp (1008) {'assignmentId': [u'noas'], 'workerId': [u'debug'], 'hitId': [u'nohit'], 'mode': [u'debug']}
2020-11-10 13:49:23,756 already_started_exp (1008) {'assignmentId': [u'noas'], 'workerId': [u'debug'], 'hitId': [u'nohit'], 'mode': [u'debug']}
2020-11-10 13:55:46,963 already_started_exp (1008) {'assignmentId': [u'noas'], 'workerId': [u'debug'], 'hitId': [u'nohit'], 'mode': [u'debug']}
2020-11-10 13:55:58,418 already_started_exp (1008) {'assignmentId': [u'noas'], 'workerId': [u'debug'], 'hitId': [u'nohit'], 'mode': [u'debug']}
2020-11-10 14:00:23,397 already_started_exp (1008) {'assignmentId': [u'noas'], 'workerId': [u'debug'], 'hitId': [u'nohit'], 'mode': [u'debug']}
2020-11-10 14:00:55,503 already_started_exp (1008) {'assignmentId': [u'noas'], 'workerId': [u'debug'], 'hitId': [u'nohit'], 'mode': [u'debug']}
2020-11-10 14:01:27,149 already_started_exp (1008) {'assignmentId': [u'noas'], 'workerId': [u'debug'], 'hitId': [u'nohit'], 'mode': [u'debug']}
2020-11-10 14:01:53,765 already_started_exp (1008) {'assignmentId': [u'noas'], 'workerId': [u'debug'], 'hitId': [u'nohit'], 'mode': [u'debug']}
2020-11-10 14:02:11,494 already_started_exp (1008) {'assignmentId': [u'noas'], 'workerId': [u'debug'], 'hitId': [u'nohit'], 'mode': [u'debug']}
2020-11-10 14:04:24,757 already_started_exp (1008) {'assignmentId': [u'noas'], 'workerId': [u'debug'], 'hitId': [u'nohit'], 'mode': [u'debug']}
2020-11-10 14:11:00,941 already_started_exp (1008) {'assignmentId': [u'noas'], 'workerId': [u'debug'], 'hitId': [u'nohit'], 'mode': [u'debug']}
2020-11-10 14:12:22,858 already_started_exp (1008) {'assignmentId': [u'noas'], 'workerId': [u'debug'], 'hitId': [u'nohit'], 'mode': [u'debug']}
2020-11-10 14:19:14,672 already_started_exp (1008) {'assignmentId': [u'noas'], 'workerId': [u'debug'], 'hitId': [u'nohit'], 'mode': [u'debug']}
2020-11-10 14:22:50,570 already_started_exp (1008) {'assignmentId': [u'noas'], 'workerId': [u'debug'], 'hitId': [u'nohit'], 'mode': [u'debug']}
2020-11-11 19:43:11,191 already_started_exp (1008) {'assignmentId': [u'noas'], 'workerId': [u'debug'], 'hitId': [u'nohit'], 'mode': [u'debug']}
2020-11-11 20:44:33,908 already_started_exp (1008) {'assignmentId': [u'noas'], 'workerId': [u'debug'], 'hitId': [u'nohit'], 'mode': [u'debug']}
2020-11-11 21:00:10,070 already_started_exp (1008) {'assignmentId': [u'noas'], 'workerId': [u'debug'], 'hitId': [u'nohit'], 'mode': [u'debug']}
2020-11-11 21:00:12,997 already_started_exp (1008) {'assignmentId': [u'noas'], 'workerId': [u'debug'], 'hitId': [u'nohit'], 'mode': [u'debug']}
2020-11-12 11:06:28,235 already_started_exp (1008) {'assignmentId': [u'noas'], 'workerId': [u'debug'], 'hitId': [u'nohit'], 'mode': [u'debug']}
2020-11-12 20:15:24,842 already_started_exp (1008) {'assignmentId': [u'noas'], 'workerId': [u'debug'], 'hitId': [u'nohit'], 'mode': [u'debug']}
2020-11-12 20:24:14,944 already_started_exp (1008) {'assignmentId': [u'noas'], 'workerId': [u'debug'], 'hitId': [u'nohit'], 'mode': [u'debug']}
2020-11-12 20:25:44,203 already_started_exp (1008) {'assignmentId': [u'noas'], 'workerId': [u'debug'], 'hitId': [u'nohit'], 'mode': [u'debug']}
2020-11-12 20:36:51,168 already_started_exp (1008) {'assignmentId': [u'noas'], 'workerId': [u'debug'], 'hitId': [u'nohit'], 'mode': [u'debug']}
2020-11-12 20:40:07,511 already_started_exp (1008) {'assignmentId': [u'noas'], 'workerId': [u'debug'], 'hitId': [u'nohit'], 'mode': [u'debug']}
2020-11-12 20:48:54,358 already_started_exp (1008) {'assignmentId': [u'noas'], 'workerId': [u'debug'], 'hitId': [u'nohit'], 'mode': [u'debug']}
2020-11-12 20:58:40,650 already_started_exp (1008) {'assignmentId': [u'noas'], 'workerId': [u'debug'], 'hitId': [u'nohit'], 'mode': [u'debug']}
2020-11-12 21:00:19,016 already_started_exp (1008) {'assignmentId': [u'noas'], 'workerId': [u'debug'], 'hitId': [u'nohit'], 'mode': [u'debug']}
2020-11-12 21:03:35,321 already_started_exp (1008) {'assignmentId': [u'noas'], 'workerId': [u'debug'], 'hitId': [u'nohit'], 'mode': [u'debug']}
2020-11-12 21:04:16,661 already_started_exp (1008) {'assignmentId': [u'noas'], 'workerId': [u'debug'], 'hitId': [u'nohit'], 'mode': [u'debug']}
2020-11-12 21:07:49,062 already_started_exp (1008) {'assignmentId': [u'noas'], 'workerId': [u'debug'], 'hitId': [u'nohit'], 'mode': [u'debug']}
2020-11-12 21:12:15,398 already_started_exp (1008) {'assignmentId': [u'noas'], 'workerId': [u'debug'], 'hitId': [u'nohit'], 'mode': [u'debug']}
2020-11-12 21:15:47,155 already_started_exp (1008) {'assignmentId': [u'noas'], 'workerId': [u'debug'], 'hitId': [u'nohit'], 'mode': [u'debug']}
2020-11-12 21:18:07,649 already_started_exp (1008) {'assignmentId': [u'noas'], 'workerId': [u'debug'], 'hitId': [u'nohit'], 'mode': [u'debug']}
2020-11-12 21:23:17,971 already_started_exp (1008) {'assignmentId': [u'noas'], 'workerId': [u'debug'], 'hitId': [u'nohit'], 'mode': [u'debug']}
2020-11-12 21:34:32,396 already_started_exp (1008) {'assignmentId': [u'noas'], 'workerId': [u'debug'], 'hitId': [u'nohit'], 'mode': [u'debug']}
2020-11-12 21:35:14,707 already_started_exp (1008) {'assignmentId': [u'noas'], 'workerId': [u'debug'], 'hitId': [u'nohit'], 'mode': [u'debug']}
2020-11-12 21:58:04,325 already_started_exp (1008) {'assignmentId': [u'noas'], 'workerId': [u'debug'], 'hitId': [u'nohit'], 'mode': [u'debug']}
2020-11-13 09:56:11,153 already_started_exp (1008) {'assignmentId': [u'noas'], 'workerId': [u'debug'], 'hitId': [u'nohit'], 'mode': [u'debug']}
2020-11-13 10:15:20,239 already_started_exp (1008) {'assignmentId': [u'noas'], 'workerId': [u'debug'], 'hitId': [u'nohit'], 'mode': [u'debug']}
2020-11-13 11:24:03,128 already_started_exp (1008) {'assignmentId': [u'noas'], 'workerId': [u'debug'], 'hitId': [u'nohit'], 'mode': [u'debug']}
2020-11-20 11:09:53,007 already_started_exp (1008) {'assignmentId': [u'noas'], 'workerId': [u'debug'], 'hitId': [u'nohit'], 'mode': [u'debug']}
2020-11-20 11:13:16,273 already_started_exp (1008) {'assignmentId': [u'noas'], 'workerId': [u'debug'], 'hitId': [u'nohit'], 'mode': [u'debug']}
2020-11-21 22:48:48,900 already_started_exp (1008) {'assignmentId': [u'noas'], 'workerId': [u'debug'], 'hitId': [u'nohit'], 'mode': [u'debug']}
2020-11-21 23:11:48,276 already_started_exp (1008) {'assignmentId': [u'noas'], 'workerId': [u'debug'], 'hitId': [u'nohit'], 'mode': [u'debug']}
2020-11-21 23:16:24,829 already_started_exp (1008) {'assignmentId': [u'noas'], 'workerId': [u'debug'], 'hitId': [u'nohit'], 'mode': [u'debug']}
2020-11-21 23:19:36,430 already_started_exp (1008) {'assignmentId': [u'noas'], 'workerId': [u'debug'], 'hitId': [u'nohit'], 'mode': [u'debug']}
2020-11-21 23:20:42,038 already_started_exp (1008) {'assignmentId': [u'noas'], 'workerId': [u'debug'], 'hitId': [u'nohit'], 'mode': [u'debug']}
2020-11-21 23:23:12,054 already_started_exp (1008) {'assignmentId': [u'noas'], 'workerId': [u'debug'], 'hitId': [u'nohit'], 'mode': [u'debug']}
2020-11-24 14:13:10,344 already_started_exp (1008) {'assignmentId': [u'noas'], 'workerId': [u'debug'], 'hitId': [u'nohit'], 'mode': [u'debug']}
2020-11-24 14:46:17,854 Exception on /exp [GET]
Traceback (most recent call last):
  File "/usr/local/lib/python2.7/dist-packages/flask/app.py", line 2317, in wsgi_app
    response = self.full_dispatch_request()
  File "/usr/local/lib/python2.7/dist-packages/flask/app.py", line 1840, in full_dispatch_request
    rv = self.handle_user_exception(e)
  File "/usr/local/lib/python2.7/dist-packages/flask/app.py", line 1743, in handle_user_exception
    reraise(exc_type, exc_value, tb)
  File "/usr/local/lib/python2.7/dist-packages/flask/app.py", line 1838, in full_dispatch_request
    rv = self.dispatch_request()
  File "/usr/local/lib/python2.7/dist-packages/flask/app.py", line 1824, in dispatch_request
    return self.view_functions[rule.endpoint](**req.view_args)
  File "/home/huangjiawen/.local/lib/python2.7/site-packages/psiturk/user_utils.py", line 23, in new_func
    resp = make_response(func(*args, **kwargs))
  File "/home/huangjiawen/.local/lib/python2.7/site-packages/psiturk/experiment.py", line 418, in start_exp
    filter(Participant.assignmentid == assignment_id).\
  File "/usr/local/lib/python2.7/dist-packages/sqlalchemy/orm/query.py", line 3373, in all
    return list(self)
  File "/usr/local/lib/python2.7/dist-packages/sqlalchemy/orm/query.py", line 3535, in __iter__
    return self._execute_and_instances(context)
  File "/usr/local/lib/python2.7/dist-packages/sqlalchemy/orm/query.py", line 3560, in _execute_and_instances
    result = conn.execute(querycontext.statement, self._params)
  File "/usr/local/lib/python2.7/dist-packages/sqlalchemy/engine/base.py", line 1011, in execute
    return meth(self, multiparams, params)
  File "/usr/local/lib/python2.7/dist-packages/sqlalchemy/sql/elements.py", line 298, in _execute_on_connection
    return connection._execute_clauseelement(self, multiparams, params)
  File "/usr/local/lib/python2.7/dist-packages/sqlalchemy/engine/base.py", line 1130, in _execute_clauseelement
    distilled_params,
  File "/usr/local/lib/python2.7/dist-packages/sqlalchemy/engine/base.py", line 1317, in _execute_context
    e, statement, parameters, cursor, context
  File "/usr/local/lib/python2.7/dist-packages/sqlalchemy/engine/base.py", line 1511, in _handle_dbapi_exception
    sqlalchemy_exception, with_traceback=exc_info[2], from_=e
  File "/usr/local/lib/python2.7/dist-packages/sqlalchemy/engine/base.py", line 1277, in _execute_context
    cursor, statement, parameters, context
  File "/usr/local/lib/python2.7/dist-packages/sqlalchemy/engine/default.py", line 593, in do_execute
    cursor.execute(statement, parameters)
OperationalError: (psycopg2.OperationalError) server closed the connection unexpectedly
	This probably means the server terminated abnormally
	before or while processing the request.

[SQL: SELECT "4inarow".uniqueid AS "4inarow_uniqueid", "4inarow".assignmentid AS "4inarow_assignmentid", "4inarow".workerid AS "4inarow_workerid", "4inarow".hitid AS "4inarow_hitid", "4inarow".ipaddress AS "4inarow_ipaddress", "4inarow".browser AS "4inarow_browser", "4inarow".platform AS "4inarow_platform", "4inarow".language AS "4inarow_language", "4inarow".cond AS "4inarow_cond", "4inarow".counterbalance AS "4inarow_counterbalance", "4inarow".codeversion AS "4inarow_codeversion", "4inarow".beginhit AS "4inarow_beginhit", "4inarow".beginexp AS "4inarow_beginexp", "4inarow".endhit AS "4inarow_endhit", "4inarow".bonus AS "4inarow_bonus", "4inarow".status AS "4inarow_status", "4inarow".mode AS "4inarow_mode", "4inarow".datastring AS "4inarow_datastring" 
FROM "4inarow" 
WHERE "4inarow".workerid = %(workerid_1)s AND "4inarow".assignmentid = %(assignmentid_1)s]
[parameters: {'assignmentid_1': u'noas', 'workerid_1': u'debug'}]
(Background on this error at: http://sqlalche.me/e/13/e3q8)
2020-11-24 14:46:50,239 already_started_exp (1008) {'assignmentId': [u'noas'], 'workerId': [u'debug'], 'hitId': [u'nohit'], 'mode': [u'debug']}
2020-11-24 14:51:43,253 already_started_exp (1008) {'assignmentId': [u'noas'], 'workerId': [u'debug'], 'hitId': [u'nohit'], 'mode': [u'debug']}
2020-11-24 15:01:04,099 already_started_exp (1008) {'assignmentId': [u'noas'], 'workerId': [u'debug'], 'hitId': [u'nohit'], 'mode': [u'debug']}
[2020-12-09 17:23:57 +0000] [7497] [ERROR] Connection in use: ('0.0.0.0', 22362)
[2020-12-09 17:23:57 +0000] [7497] [ERROR] Retrying in 1 second.
[2020-12-09 17:23:58 +0000] [7497] [ERROR] Connection in use: ('0.0.0.0', 22362)
[2020-12-09 17:23:58 +0000] [7497] [ERROR] Retrying in 1 second.
[2020-12-09 17:23:59 +0000] [7497] [ERROR] Connection in use: ('0.0.0.0', 22362)
[2020-12-09 17:23:59 +0000] [7497] [ERROR] Retrying in 1 second.
[2020-12-09 17:23:59 +0000] [7497] [ERROR] Connection in use: ('0.0.0.0', 22362)
[2020-12-09 17:23:59 +0000] [7497] [ERROR] Retrying in 1 second.
[2020-12-09 17:24:00 +0000] [7497] [ERROR] Connection in use: ('0.0.0.0', 22362)
[2020-12-09 17:24:00 +0000] [7497] [ERROR] Retrying in 1 second.
[2020-12-09 17:24:01 +0000] [7497] [ERROR] Can't connect to ('0.0.0.0', 22362)
[2020-12-09 17:24:22 +0000] [7509] [ERROR] Connection in use: ('0.0.0.0', 22362)
[2020-12-09 17:24:22 +0000] [7509] [ERROR] Retrying in 1 second.
[2020-12-09 17:24:23 +0000] [7509] [ERROR] Connection in use: ('0.0.0.0', 22362)
[2020-12-09 17:24:23 +0000] [7509] [ERROR] Retrying in 1 second.
[2020-12-09 17:24:24 +0000] [7509] [ERROR] Connection in use: ('0.0.0.0', 22362)
[2020-12-09 17:24:24 +0000] [7509] [ERROR] Retrying in 1 second.
[2020-12-09 17:24:25 +0000] [7509] [ERROR] Connection in use: ('0.0.0.0', 22362)
[2020-12-09 17:24:25 +0000] [7509] [ERROR] Retrying in 1 second.
[2020-12-09 17:24:26 +0000] [7509] [ERROR] Connection in use: ('0.0.0.0', 22362)
[2020-12-09 17:24:26 +0000] [7509] [ERROR] Retrying in 1 second.
[2020-12-09 17:24:27 +0000] [7509] [ERROR] Can't connect to ('0.0.0.0', 22362)
[2020-12-09 17:24:54 +0000] [7587] [ERROR] Connection in use: ('0.0.0.0', 22362)
[2020-12-09 17:24:54 +0000] [7587] [ERROR] Retrying in 1 second.
[2020-12-09 17:24:55 +0000] [7587] [ERROR] Connection in use: ('0.0.0.0', 22362)
[2020-12-09 17:24:55 +0000] [7587] [ERROR] Retrying in 1 second.
[2020-12-09 17:24:56 +0000] [7587] [ERROR] Connection in use: ('0.0.0.0', 22362)
[2020-12-09 17:24:56 +0000] [7587] [ERROR] Retrying in 1 second.
[2020-12-09 17:24:57 +0000] [7587] [ERROR] Connection in use: ('0.0.0.0', 22362)
[2020-12-09 17:24:57 +0000] [7587] [ERROR] Retrying in 1 second.
[2020-12-09 17:24:58 +0000] [7587] [ERROR] Connection in use: ('0.0.0.0', 22362)
[2020-12-09 17:24:58 +0000] [7587] [ERROR] Retrying in 1 second.
[2020-12-09 17:24:59 +0000] [7587] [ERROR] Can't connect to ('0.0.0.0', 22362)
2020-12-09 17:25:03,500 already_started_exp (1008) {'assignmentId': [u'noas'], 'workerId': [u'debug'], 'hitId': [u'nohit'], 'mode': [u'debug']}
2020-12-09 17:25:06,509 already_started_exp (1008) {'assignmentId': [u'noas'], 'workerId': [u'debu'], 'hitId': [u'nohit'], 'mode': [u'debug']}
2020-12-09 17:27:21,595 already_started_exp (1008) {'assignmentId': [u'noas'], 'workerId': [u'debug'], 'hitId': [u'nohit'], 'mode': [u'debug']}
2020-12-09 17:27:24,472 already_started_exp (1008) {'assignmentId': [u'noas'], 'workerId': [u'debu'], 'hitId': [u'nohit'], 'mode': [u'debug']}
2020-12-09 17:27:46,407 already_started_exp (1008) {'assignmentId': [u'noas'], 'workerId': [u'debug'], 'hitId': [u'nohit'], 'mode': [u'debug']}
2020-12-09 17:28:17,899 already_started_exp (1008) {'assignmentId': [u'noas'], 'workerId': [u'debug'], 'hitId': [u'nohit'], 'mode': [u'debug']}
2020-12-11 10:28:10,304 already_started_exp (1008) {'assignmentId': [u'noas'], 'workerId': [u'debug'], 'hitId': [u'nohit'], 'mode': [u'debug']}
2020-12-11 10:28:12,793 already_started_exp (1008) {'assignmentId': [u'noas'], 'workerId': [u'debu'], 'hitId': [u'nohit'], 'mode': [u'debug']}
